#
# A fatal error has been detected by the Java Runtime Environment:
#
#  SIGSEGV (0xb) at pc=0x00000001115038d8, pid=40600, tid=775
#
# JRE version: Java(TM) SE Runtime Environment (15.0+36) (build 15+36-1562)
# Java VM: Java HotSpot(TM) 64-Bit Server VM (15+36-1562, mixed mode, sharing, tiered, compressed oops, g1 gc, bsd-amd64)
# Problematic frame:
# V  [libjvm.dylib+0x5038d8]  jni_IsSameObject+0x38
#
# No core dump will be written. Core dumps have been disabled. To enable core dumping, try "ulimit -c unlimited" before starting Java again
#
# If you would like to submit a bug report, please visit:
#   https://bugreport.java.com/bugreport/crash.jsp
#

---------------  S U M M A R Y ------------

Command Line: --module-path=/Users/elev/.m2/repository/org/openjfx/javafx-base/13/javafx-base-13-mac.jar:/Users/elev/.m2/repository/org/openjfx/javafx-base/13/javafx-base-13.jar:/Users/elev/.m2/repository/org/openjfx/javafx-controls/13/javafx-controls-13-mac.jar:/Users/elev/.m2/repository/org/openjfx/javafx-controls/13/javafx-controls-13.jar:/Users/elev/.m2/repository/org/openjfx/javafx-graphics/13/javafx-graphics-13-mac.jar:/Users/elev/.m2/repository/org/openjfx/javafx-graphics/13/javafx-graphics-13.jar --add-modules=javafx.base,javafx.controls,javafx.graphics com.mycompany.db2.App

Host: MacBookAir7,2 x86_64 1600 MHz, 4 cores, 4G, Darwin 20.1.0
Time: Thu Jan  7 03:12:33 2021 CET elapsed time: 32.053551 seconds (0d 0h 0m 32s)

---------------  T H R E A D  ---------------

Current thread is native thread

Stack: [0x00007ffee0e47000,0x00007ffee1647000],  sp=0x00007ffee1642a90,  free space=8174k
Native frames: (J=compiled Java code, A=aot compiled Java code, j=interpreted, Vv=VM code, C=native code)
V  [libjvm.dylib+0x5038d8]  jni_IsSameObject+0x38
C  [JavaNativeFoundation+0x9612]  -[JNFWeakJObjectWrapper _getWithEnv:]+0x31
C  [JavaNativeFoundation+0x9426]  -[JNFJObjectWrapper jObjectWithEnv:]+0x16
C  [libawt_lwawt.dylib+0x1de31]  -[CGLLayer drawInCGLContext:pixelFormat:forLayerTime:displayTime:]+0xa1
C  [QuartzCore+0xc4e13]  _ZL17CAOpenGLLayerDrawP13CAOpenGLLayerdPK11CVTimeStampj+0x7e7
C  [QuartzCore+0xc4465]  -[CAOpenGLLayer _display]+0x244
C  [QuartzCore+0x255b8]  _ZN2CA5Layer17display_if_neededEPNS_11TransactionE+0x36a
C  [QuartzCore+0x15f373]  _ZN2CA7Context18commit_transactionEPNS_11TransactionEdPd+0x205
C  [QuartzCore+0x2f91]  _ZN2CA11Transaction6commitEv+0x30f
C  [QuartzCore+0x3ed0a]  _ZN2CA11Transaction17observer_callbackEP19__CFRunLoopObservermPv+0x6e
C  [CoreFoundation+0x80d9d]  __CFRUNLOOP_IS_CALLING_OUT_TO_AN_OBSERVER_CALLBACK_FUNCTION__+0x17
C  [CoreFoundation+0x80c2d]  __CFRunLoopDoObservers+0x225
C  [CoreFoundation+0x80211]  __CFRunLoopRun+0x47a
C  [CoreFoundation+0x7f6be]  CFRunLoopRunSpecific+0x233
C  [libjli.dylib+0x6e32]  CreateExecutionEnvironment+0x192
C  [libjli.dylib+0x2674]  JLI_Launch+0x614
C  [java+0xc16]  main+0x196
C  [libdyld.dylib+0x15631]  start+0x1


siginfo: si_signo: 11 (SIGSEGV), si_code: 1 (SEGV_MAPERR), si_addr: 0x0000000000000398

Registers:
RAX=0x000000000000dead, RBX=0x00007fd18214a928, RCX=0x000000010ec7fe00, RDX=0x0000000000000000
RSP=0x00007ffee1642a90, RBP=0x00007ffee1642ab0, RSI=0x00007fd1804f03c9, RDI=0x00007fd18214a600
R8 =0x0000000000000000, R9 =0x0000000000000110, R10=0x00007fff8d186330, R11=0x00007fff6e462592
R12=0x0000000000000000, R13=0x00007fd1845e0390, R14=0x0000000000000000, R15=0x00007fd1804f03c9
RIP=0x00000001115038d8, EFLAGS=0x0000000000010246, ERR=0x0000000000000006
  TRAPNO=0x000000000000000e

Top of Stack: (sp=0x00007ffee1642a90)
0x00007ffee1642a90:   00007fd18214a928 00007fd1815a2400
0x00007ffee1642aa0:   00007fd1845e4ff0 00007fd1804f03c9
0x00007ffee1642ab0:   00007ffee1642ae0 00007fff6e462612
0x00007ffee1642ac0:   00007fd1845e4ff0 00007fd18214a928
0x00007ffee1642ad0:   00007fff201d9d00 00007fd1845bfea0
0x00007ffee1642ae0:   00007ffee1642b00 00007fff6e462426
0x00007ffee1642af0:   00007fd1845e4ff0 00007fd18214a928
0x00007ffee1642b00:   00007ffee1642b60 00000001353f3e31
0x00007ffee1642b10:   00007fd1845ddd20 00007fff7c5508c2
0x00007ffee1642b20:   00007fd1845e0390 0000000000000000
0x00007ffee1642b30:   411b0d28cd63d068 00007fff201d9d00
0x00007ffee1642b40:   00007fd1845ddd20 00007fd1845e0390
0x00007ffee1642b50:   00007fd1845e0390 00007fd1840079a0
0x00007ffee1642b60:   00007ffee1642c20 00007fff26c7ce13
0x00007ffee1642b70:   00007fd1847e3f90 0000000000000000
0x00007ffee1642b80:   00007fd1845e0390 0000000000000000
0x00007ffee1642b90:   00000004845e0390 0000000000000000
0x00007ffee1642ba0:   411b0d28cd63d068 0000000000000000
0x00007ffee1642bb0:   0000000000000000 00007fd180643da0
0x00007ffee1642bc0:   0000000000000004 0000000000000000
0x00007ffee1642bd0:   0000000000000000 00007ffee1642bf8
0x00007ffee1642be0:   00007ffe00000000 00007fff26bfe0a7
0x00007ffee1642bf0:   fe5a89927dd000ea 00007fff201d9d00
0x00007ffee1642c00:   0000000000000004 0000000000000000
0x00007ffee1642c10:   00007fd1845e0390 00007fff7c5508c2
0x00007ffee1642c20:   00007ffee1642ca0 00007fff26c7c465
0x00007ffee1642c30:   0000000000000000 4071000000000000
0x00007ffee1642c40:   4079000000000000 3ff0000000000000
0x00007ffee1642c50:   0000000000000000 0000000000000000
0x00007ffee1642c60:   4079000000000000 4071000000000000
0x00007ffee1642c70:   fe5a89927dd000ea 00007ffee1642d80
0x00007ffee1642c80:   00007fd18216d400 00007fd183406500 

Instructions: (pc=0x00000001115038d8)
0x00000001115037d8:   03 00 00 06 00 00 00 4d 85 f6 74 0b 31 f6 4c 89
0x00000001115037e8:   f7 ff 15 f1 18 6c 00 49 8b 9f f8 00 00 00 48 8b
0x00000001115037f8:   43 10 48 83 38 00 74 0c 48 89 df e8 a8 85 f4 ff
0x0000000111503808:   48 8b 43 10 48 8b 4b 08 48 89 41 10 48 8b 43 08
0x0000000111503818:   48 8b 4b 18 48 89 48 18 48 8b 43 08 48 8b 4b 20
0x0000000111503828:   48 89 48 20 41 c7 87 98 03 00 00 07 00 00 00 f0
0x0000000111503838:   83 04 24 00 49 8b 87 10 01 00 00 a8 08 74 08 4c
0x0000000111503848:   89 ff e8 91 63 3b 00 41 c7 87 98 03 00 00 04 00
0x0000000111503858:   00 00 48 83 c4 08 5b 41 5e 41 5f 5d c3 48 8d 05
0x0000000111503868:   04 53 73 00 83 38 00 0f 84 4e ff ff ff 4c 89 ff
0x0000000111503878:   e8 43 58 49 00 41 c7 87 98 03 00 00 06 00 00 00
0x0000000111503888:   4d 85 f6 0f 85 53 ff ff ff e9 59 ff ff ff 66 2e
0x0000000111503898:   0f 1f 84 00 00 00 00 00 55 48 89 e5 41 57 41 56
0x00000001115038a8:   41 54 53 49 89 fc b8 55 21 ff ff 41 03 84 24 88
0x00000001115038b8:   00 00 00 49 89 d6 49 89 f7 49 81 c4 d8 fc ff ff
0x00000001115038c8:   83 f8 02 72 0b 4c 89 e7 e8 eb 35 49 00 45 31 e4
0x00000001115038d8:   41 c7 84 24 98 03 00 00 05 00 00 00 f0 83 04 24
0x00000001115038e8:   00 49 8b 04 24 4c 89 e7 ff 50 40 84 c0 74 37 49
0x00000001115038f8:   8b 84 24 10 01 00 00 a8 08 75 37 41 f7 84 24 e0
0x0000000111503908:   00 00 00 04 00 00 20 75 29 41 c7 84 24 98 03 00
0x0000000111503918:   00 06 00 00 00 4d 85 ff 75 31 45 31 ff 4d 85 f6
0x0000000111503928:   75 40 31 c0 eb 6f 48 8d 05 3b 52 73 00 83 38 00
0x0000000111503938:   74 c9 4c 89 e7 e8 7e 57 49 00 41 c7 84 24 98 03
0x0000000111503948:   00 00 06 00 00 00 4d 85 ff 74 cf 41 f6 c7 01 75
0x0000000111503958:   22 4c 89 ff ff 15 26 d8 6b 00 49 89 c7 4d 85 f6
0x0000000111503968:   74 c0 41 f6 c6 01 75 21 4c 89 f7 ff 15 0f d8 6b
0x0000000111503978:   00 eb 22 49 ff cf 4c 89 ff ff 15 f9 19 6d 00 49
0x0000000111503988:   89 c7 4d 85 f6 75 db eb 99 49 ff ce 4c 89 f7 ff
0x0000000111503998:   15 e3 19 6d 00 45 31 f6 49 39 c7 41 0f 94 c7 49
0x00000001115039a8:   8b 9c 24 f8 00 00 00 48 8b 43 10 48 83 38 00 74
0x00000001115039b8:   0c 48 89 df e8 ef 83 f4 ff 48 8b 43 10 48 8b 4b
0x00000001115039c8:   08 48 89 41 10 48 8b 43 08 48 8b 4b 18 48 89 48 



---------------  P R O C E S S  ---------------

VM state: not at safepoint (normal execution)

VM Mutex/Monitor currently owned by a thread: None

Heap address: 0x00000007c0000000, size: 1024 MB, Compressed Oops mode: Zero based, Oop shift amount: 3
CDS archive(s) mapped at: [0x0000000800000000-0x0000000800b2c000-0x0000000800b2c000), size 11714560, SharedBaseAddress: 0x0000000800000000, ArchiveRelocationMode: 0.
Compressed class space mapped at: 0x0000000800b2c000-0x0000000840b2c000, size: 1073741824
Narrow klass base: 0x0000000800000000, Narrow klass shift: 3, Narrow klass range: 0x100000000

GC Precious Log:
 CPUs: 4 total, 4 available
 Memory: 4096M
 Large Page Support: Disabled
 NUMA Support: Disabled
 Compressed Oops: Enabled (Zero based)
 Heap Region Size: 1M
 Heap Min Capacity: 8M
 Heap Initial Capacity: 64M
 Heap Max Capacity: 1G
 Pre-touch: Disabled
 Parallel Workers: 4
 Concurrent Workers: 1
 Concurrent Refinement Workers: 4
 Periodic GC: Disabled

Heap:
 garbage-first heap   total 48128K, used 16140K [0x00000007c0000000, 0x0000000800000000)
  region size 1024K, 9 young (9216K), 3 survivors (3072K)
 Metaspace       used 23103K, capacity 23418K, committed 23856K, reserved 1069056K
  class space    used 3284K, capacity 3403K, committed 3456K, reserved 1048576K

Heap Regions: E=young(eden), S=young(survivor), O=old, HS=humongous(starts), HC=humongous(continues), CS=collection set, F=free, OA=open archive, CA=closed archive, TAMS=top-at-mark-start (previous, next)
|   0|0x00000007c0000000, 0x00000007c0100000, 0x00000007c0100000|100%| O|  |TAMS 0x00000007c0100000, 0x00000007c0000000| Untracked 
|   1|0x00000007c0100000, 0x00000007c0200000, 0x00000007c0200000|100%| O|  |TAMS 0x00000007c0200000, 0x00000007c0100000| Untracked 
|   2|0x00000007c0200000, 0x00000007c0300000, 0x00000007c0300000|100%|HS|  |TAMS 0x00000007c0300000, 0x00000007c0200000| Complete 
|   3|0x00000007c0300000, 0x00000007c0400000, 0x00000007c0400000|100%|HC|  |TAMS 0x00000007c0400000, 0x00000007c0300000| Complete 
|   4|0x00000007c0400000, 0x00000007c0500000, 0x00000007c0500000|100%| O|  |TAMS 0x00000007c0500000, 0x00000007c0400000| Untracked 
|   5|0x00000007c0500000, 0x00000007c0600000, 0x00000007c0600000|100%| O|  |TAMS 0x00000007c055c400, 0x00000007c0500000| Untracked 
|   6|0x00000007c0600000, 0x00000007c0700000, 0x00000007c0700000|100%| O|  |TAMS 0x00000007c0600000, 0x00000007c0600000| Untracked 
|   7|0x00000007c0700000, 0x00000007c070dc00, 0x00000007c0800000|  5%| O|  |TAMS 0x00000007c0700000, 0x00000007c0700000| Untracked 
|   8|0x00000007c0800000, 0x00000007c0800000, 0x00000007c0900000|  0%| F|  |TAMS 0x00000007c0800000, 0x00000007c0800000| Untracked 
|   9|0x00000007c0900000, 0x00000007c0900000, 0x00000007c0a00000|  0%| F|  |TAMS 0x00000007c0900000, 0x00000007c0900000| Untracked 
|  10|0x00000007c0a00000, 0x00000007c0a00000, 0x00000007c0b00000|  0%| F|  |TAMS 0x00000007c0a00000, 0x00000007c0a00000| Untracked 
|  11|0x00000007c0b00000, 0x00000007c0b00000, 0x00000007c0c00000|  0%| F|  |TAMS 0x00000007c0b00000, 0x00000007c0b00000| Untracked 
|  12|0x00000007c0c00000, 0x00000007c0c00000, 0x00000007c0d00000|  0%| F|  |TAMS 0x00000007c0c00000, 0x00000007c0c00000| Untracked 
|  13|0x00000007c0d00000, 0x00000007c0d00000, 0x00000007c0e00000|  0%| F|  |TAMS 0x00000007c0d00000, 0x00000007c0d00000| Untracked 
|  14|0x00000007c0e00000, 0x00000007c0e00000, 0x00000007c0f00000|  0%| F|  |TAMS 0x00000007c0e00000, 0x00000007c0e00000| Untracked 
|  15|0x00000007c0f00000, 0x00000007c0f00000, 0x00000007c1000000|  0%| F|  |TAMS 0x00000007c0f00000, 0x00000007c0f00000| Untracked 
|  16|0x00000007c1000000, 0x00000007c1000000, 0x00000007c1100000|  0%| F|  |TAMS 0x00000007c1000000, 0x00000007c1000000| Untracked 
|  17|0x00000007c1100000, 0x00000007c1100000, 0x00000007c1200000|  0%| F|  |TAMS 0x00000007c1100000, 0x00000007c1100000| Untracked 
|  18|0x00000007c1200000, 0x00000007c1200000, 0x00000007c1300000|  0%| F|  |TAMS 0x00000007c1200000, 0x00000007c1200000| Untracked 
|  19|0x00000007c1300000, 0x00000007c1300000, 0x00000007c1400000|  0%| F|  |TAMS 0x00000007c1300000, 0x00000007c1300000| Untracked 
|  20|0x00000007c1400000, 0x00000007c1400000, 0x00000007c1500000|  0%| F|  |TAMS 0x00000007c1400000, 0x00000007c1400000| Untracked 
|  21|0x00000007c1500000, 0x00000007c1500000, 0x00000007c1600000|  0%| F|  |TAMS 0x00000007c1500000, 0x00000007c1500000| Untracked 
|  22|0x00000007c1600000, 0x00000007c1600000, 0x00000007c1700000|  0%| F|  |TAMS 0x00000007c1600000, 0x00000007c1600000| Untracked 
|  23|0x00000007c1700000, 0x00000007c1700000, 0x00000007c1800000|  0%| F|  |TAMS 0x00000007c1700000, 0x00000007c1700000| Untracked 
|  24|0x00000007c1800000, 0x00000007c1800000, 0x00000007c1900000|  0%| F|  |TAMS 0x00000007c1800000, 0x00000007c1800000| Untracked 
|  25|0x00000007c1900000, 0x00000007c1900000, 0x00000007c1a00000|  0%| F|  |TAMS 0x00000007c1900000, 0x00000007c1900000| Untracked 
|  26|0x00000007c1a00000, 0x00000007c1a00000, 0x00000007c1b00000|  0%| F|  |TAMS 0x00000007c1a00000, 0x00000007c1a00000| Untracked 
|  27|0x00000007c1b00000, 0x00000007c1b00000, 0x00000007c1c00000|  0%| F|  |TAMS 0x00000007c1b00000, 0x00000007c1b00000| Untracked 
|  28|0x00000007c1c00000, 0x00000007c1c00000, 0x00000007c1d00000|  0%| F|  |TAMS 0x00000007c1c00000, 0x00000007c1c00000| Untracked 
|  29|0x00000007c1d00000, 0x00000007c1d00000, 0x00000007c1e00000|  0%| F|  |TAMS 0x00000007c1d00000, 0x00000007c1d00000| Untracked 
|  30|0x00000007c1e00000, 0x00000007c1e00000, 0x00000007c1f00000|  0%| F|  |TAMS 0x00000007c1e00000, 0x00000007c1e00000| Untracked 
|  31|0x00000007c1f00000, 0x00000007c1f00000, 0x00000007c2000000|  0%| F|  |TAMS 0x00000007c1f00000, 0x00000007c1f00000| Untracked 
|  32|0x00000007c2000000, 0x00000007c2000000, 0x00000007c2100000|  0%| F|  |TAMS 0x00000007c2000000, 0x00000007c2000000| Untracked 
|  33|0x00000007c2100000, 0x00000007c2100000, 0x00000007c2200000|  0%| F|  |TAMS 0x00000007c2100000, 0x00000007c2100000| Untracked 
|  34|0x00000007c2200000, 0x00000007c2200000, 0x00000007c2300000|  0%| F|  |TAMS 0x00000007c2200000, 0x00000007c2200000| Untracked 
|  35|0x00000007c2300000, 0x00000007c2300000, 0x00000007c2400000|  0%| F|  |TAMS 0x00000007c2300000, 0x00000007c2300000| Untracked 
|  36|0x00000007c2400000, 0x00000007c2500000, 0x00000007c2500000|100%| E|  |TAMS 0x00000007c2400000, 0x00000007c2400000| Complete 
|  37|0x00000007c2500000, 0x00000007c2600000, 0x00000007c2600000|100%| E|CS|TAMS 0x00000007c2500000, 0x00000007c2500000| Complete 
|  38|0x00000007c2600000, 0x00000007c2700000, 0x00000007c2700000|100%| E|CS|TAMS 0x00000007c2600000, 0x00000007c2600000| Complete 
|  39|0x00000007c2700000, 0x00000007c2800000, 0x00000007c2800000|100%| E|CS|TAMS 0x00000007c2700000, 0x00000007c2700000| Complete 
|  40|0x00000007c2800000, 0x00000007c2900000, 0x00000007c2900000|100%| E|CS|TAMS 0x00000007c2800000, 0x00000007c2800000| Complete 
|  56|0x00000007c3800000, 0x00000007c38eb580, 0x00000007c3900000| 91%| S|CS|TAMS 0x00000007c3800000, 0x00000007c3800000| Complete 
|  57|0x00000007c3900000, 0x00000007c3a00000, 0x00000007c3a00000|100%| S|CS|TAMS 0x00000007c3900000, 0x00000007c3900000| Complete 
|  58|0x00000007c3a00000, 0x00000007c3b00000, 0x00000007c3b00000|100%| S|CS|TAMS 0x00000007c3a00000, 0x00000007c3a00000| Complete 
|  63|0x00000007c3f00000, 0x00000007c4000000, 0x00000007c4000000|100%| E|CS|TAMS 0x00000007c3f00000, 0x00000007c3f00000| Complete 
|1022|0x00000007ffe00000, 0x00000007ffe51000, 0x00000007fff00000| 31%|OA|  |TAMS 0x00000007ffe51000, 0x00000007ffe00000| Untracked 
|1023|0x00000007fff00000, 0x00000007fff79000, 0x0000000800000000| 47%|CA|  |TAMS 0x00000007fff79000, 0x00000007fff00000| Untracked 

Card table byte_map: [0x000000010ecc0000,0x000000010eec0000] _byte_map_base: 0x000000010aec0000

Marking Bits (Prev, Next): (CMBitMap*) 0x00007fd182008250, (CMBitMap*) 0x00007fd182008210
 Prev Bits: [0x000000012a310000, 0x000000012b310000)
 Next Bits: [0x0000000129310000, 0x000000012a310000)

Polling page: 0x000000010e5f7000

Metaspace:

Usage:
  Non-class:     19.55 MB capacity,    19.35 MB (>99%) used,   163.96 KB ( <1%) free+waste,    32.00 KB ( <1%) overhead. 
      Class:      3.32 MB capacity,     3.21 MB ( 97%) used,   104.39 KB (  3%) free+waste,    13.69 KB ( <1%) overhead. 
       Both:     22.87 MB capacity,    22.56 MB ( 99%) used,   268.35 KB (  1%) free+waste,    45.69 KB ( <1%) overhead. 

Virtual space:
  Non-class space:       20.00 MB reserved,      19.92 MB (>99%) committed 
      Class space:        1.00 GB reserved,       3.38 MB ( <1%) committed 
             Both:        1.02 GB reserved,      23.30 MB (  2%) committed 

Chunk freelists:
   Non-Class:  177.00 KB
       Class:  5.00 KB
        Both:  182.00 KB

MaxMetaspaceSize: 17179869184.00 GB
CompressedClassSpaceSize: 1.00 GB

CodeHeap 'non-profiled nmethods': size=120032Kb used=1093Kb max_used=1093Kb free=118938Kb
 bounds [0x0000000121bd8000, 0x0000000121e48000, 0x0000000129110000]
CodeHeap 'profiled nmethods': size=120028Kb used=5850Kb max_used=5850Kb free=114177Kb
 bounds [0x000000011a6a1000, 0x000000011ac61000, 0x0000000121bd8000]
CodeHeap 'non-nmethods': size=5700Kb used=1557Kb max_used=1572Kb free=4143Kb
 bounds [0x000000011a110000, 0x000000011a380000, 0x000000011a6a1000]
 total_blobs=4102 nmethods=3181 adapters=833
 compilation: enabled
              stopped_count=0, restarted_count=0
 full_count=0

Compilation events (20 events):
Event: 32.002 Thread 0x00007fd18104c600 3179       3       java.nio.DirectIntBufferU::ix (10 bytes)
Event: 32.002 Thread 0x00007fd18104c600 nmethod 3179 0x000000011ac51610 code [0x000000011ac517a0, 0x000000011ac518b0]
Event: 32.012 Thread 0x00007fd18104c600 3180       3       javafx.scene.Node$$Lambda$111/0x0000000800c0d318::changed (17 bytes)
Event: 32.014 Thread 0x00007fd18104c600 nmethod 3180 0x000000011ac51910 code [0x000000011ac51b80, 0x000000011ac529b0]
Event: 32.014 Thread 0x00007fd18104c600 3181       3       javafx.scene.Node::lambda$new$2 (5 bytes)
Event: 32.017 Thread 0x00007fd18104c600 nmethod 3181 0x000000011ac52d90 code [0x000000011ac52fe0, 0x000000011ac53b90]
Event: 32.032 Thread 0x00007fd18104c600 3182       3       javax.swing.JComponent::getFlag (20 bytes)
Event: 32.033 Thread 0x00007fd18104c600 nmethod 3182 0x000000011ac53f10 code [0x000000011ac540a0, 0x000000011ac54210]
Event: 32.035 Thread 0x00007fd18104c600 3183       3       java.util.concurrent.ConcurrentHashMap::isEmpty (15 bytes)
Event: 32.035 Thread 0x00007fd18104c600 nmethod 3183 0x000000011ac54290 code [0x000000011ac54420, 0x000000011ac545a0]
Event: 32.035 Thread 0x00007fd18104c600 3184       3       java.util.concurrent.ConcurrentHashMap::values (25 bytes)
Event: 32.036 Thread 0x00007fd18104c600 nmethod 3184 0x000000011ac54690 code [0x000000011ac54840, 0x000000011ac54bd0]
Event: 32.039 Thread 0x00007fd18104c600 3185       3       java.awt.EventQueue::postEvent (13 bytes)
Event: 32.039 Thread 0x00007fd18104c600 nmethod 3185 0x000000011ac54d10 code [0x000000011ac54ee0, 0x000000011ac55220]
Event: 32.039 Thread 0x00007fd18104c600 3186       3       java.awt.EventQueue::getPriority (78 bytes)
Event: 32.040 Thread 0x00007fd18104c600 nmethod 3186 0x000000011ac55390 code [0x000000011ac55540, 0x000000011ac55b30]
Event: 32.040 Thread 0x00007fd18104c600 3187       3       java.awt.EventQueue::postEvent (172 bytes)
Event: 32.041 Thread 0x00007fd18104c600 nmethod 3187 0x000000011ac55c10 code [0x000000011ac55f20, 0x000000011ac57390]
Event: 32.041 Thread 0x00007fd18104c600 3188       1       sun.java2d.SurfaceData::isSurfaceLost (5 bytes)
Event: 32.041 Thread 0x00007fd18104c600 nmethod 3188 0x0000000121ce9390 code [0x0000000121ce9520, 0x0000000121ce95d0]

GC Heap History (8 events):
Event: 1.460 GC heap before
{Heap before GC invocations=0 (full 0):
 garbage-first heap   total 67584K, used 13096K [0x00000007c0000000, 0x0000000800000000)
  region size 1024K, 13 young (13312K), 0 survivors (0K)
 Metaspace       used 3259K, capacity 6287K, committed 6528K, reserved 1056768K
  class space    used 355K, capacity 624K, committed 640K, reserved 1048576K
}
Event: 1.471 GC heap after
{Heap after GC invocations=1 (full 0):
 garbage-first heap   total 67584K, used 2300K [0x00000007c0000000, 0x0000000800000000)
  region size 1024K, 2 young (2048K), 2 survivors (2048K)
 Metaspace       used 3259K, capacity 6287K, committed 6528K, reserved 1056768K
  class space    used 355K, capacity 624K, committed 640K, reserved 1048576K
}
Event: 3.459 GC heap before
{Heap before GC invocations=1 (full 0):
 garbage-first heap   total 67584K, used 23804K [0x00000007c0000000, 0x0000000800000000)
  region size 1024K, 24 young (24576K), 2 survivors (2048K)
 Metaspace       used 9515K, capacity 11538K, committed 11648K, reserved 1058816K
  class space    used 1417K, capacity 1625K, committed 1664K, reserved 1048576K
}
Event: 3.467 GC heap after
{Heap after GC invocations=2 (full 0):
 garbage-first heap   total 67584K, used 5091K [0x00000007c0000000, 0x0000000800000000)
  region size 1024K, 3 young (3072K), 3 survivors (3072K)
 Metaspace       used 9515K, capacity 11538K, committed 11648K, reserved 1058816K
  class space    used 1417K, capacity 1625K, committed 1664K, reserved 1048576K
}
Event: 7.040 GC heap before
{Heap before GC invocations=2 (full 0):
 garbage-first heap   total 67584K, used 33763K [0x00000007c0000000, 0x0000000800000000)
  region size 1024K, 29 young (29696K), 3 survivors (3072K)
 Metaspace       used 16146K, capacity 17313K, committed 17536K, reserved 1064960K
  class space    used 2513K, capacity 2651K, committed 2688K, reserved 1048576K
}
Event: 7.053 GC heap after
{Heap after GC invocations=3 (full 0):
 garbage-first heap   total 67584K, used 10393K [0x00000007c0000000, 0x0000000800000000)
  region size 1024K, 4 young (4096K), 4 survivors (4096K)
 Metaspace       used 16146K, capacity 17313K, committed 17536K, reserved 1064960K
  class space    used 2513K, capacity 2651K, committed 2688K, reserved 1048576K
}
Event: 8.230 GC heap before
{Heap before GC invocations=3 (full 0):
 garbage-first heap   total 67584K, used 14489K [0x00000007c0000000, 0x0000000800000000)
  region size 1024K, 9 young (9216K), 4 survivors (4096K)
 Metaspace       used 20874K, capacity 21093K, committed 21296K, reserved 1067008K
  class space    used 3083K, capacity 3163K, committed 3200K, reserved 1048576K
}
Event: 8.239 GC heap after
{Heap after GC invocations=4 (full 0):
 garbage-first heap   total 67584K, used 11020K [0x00000007c0000000, 0x0000000800000000)
  region size 1024K, 3 young (3072K), 3 survivors (3072K)
 Metaspace       used 20874K, capacity 21093K, committed 21296K, reserved 1067008K
  class space    used 3083K, capacity 3163K, committed 3200K, reserved 1048576K
}

Deoptimization events (20 events):
Event: 7.024 Thread 0x00007fd18214a600 Uncommon trap: trap_request=0xffffffd6 fr.pc=0x0000000121c61b0c relative=0x000000000000244c
Event: 7.024 Thread 0x00007fd18214a600 Uncommon trap: reason=array_check action=maybe_recompile pc=0x0000000121c61b0c method=javafx.css.SimpleSelector.applies(Ljavafx/css/Styleable;[Ljava/util/Set;I)Z @ 37 c2
Event: 7.024 Thread 0x00007fd18214a600 DEOPT PACKING pc=0x0000000121c61b0c sp=0x00007ffee1640860
Event: 7.024 Thread 0x00007fd18214a600 DEOPT UNPACKING pc=0x000000011a15e125 sp=0x00007ffee1640810 mode 2
Event: 7.335 Thread 0x00007fd18214a600 Uncommon trap: trap_request=0xffffff45 fr.pc=0x0000000121c918a8 relative=0x0000000000000ec8
Event: 7.335 Thread 0x00007fd18214a600 Uncommon trap: reason=unstable_if action=reinterpret pc=0x0000000121c918a8 method=javafx.css.SimpleSelector.stateMatches(Ljavafx/css/Styleable;Ljava/util/Set;)Z @ 1 c2
Event: 7.335 Thread 0x00007fd18214a600 DEOPT PACKING pc=0x0000000121c918a8 sp=0x00007ffee1641130
Event: 7.335 Thread 0x00007fd18214a600 DEOPT UNPACKING pc=0x000000011a15e125 sp=0x00007ffee1641050 mode 2
Event: 8.079 Thread 0x00007fd18214a600 Uncommon trap: trap_request=0xffffff45 fr.pc=0x0000000121c4b858 relative=0x0000000000000058
Event: 8.079 Thread 0x00007fd18214a600 Uncommon trap: reason=unstable_if action=reinterpret pc=0x0000000121c4b858 method=java.util.Objects.equals(Ljava/lang/Object;Ljava/lang/Object;)Z @ 6 c2
Event: 8.079 Thread 0x00007fd18214a600 DEOPT PACKING pc=0x0000000121c4b858 sp=0x00007ffee16417a0
Event: 8.079 Thread 0x00007fd18214a600 DEOPT UNPACKING pc=0x000000011a15e125 sp=0x00007ffee1641760 mode 2
Event: 8.296 Thread 0x00007fd18214a600 Uncommon trap: trap_request=0xffffff45 fr.pc=0x0000000121c184c0 relative=0x00000000000002c0
Event: 8.296 Thread 0x00007fd18214a600 Uncommon trap: reason=unstable_if action=reinterpret pc=0x0000000121c184c0 method=java.lang.StringUTF16.compress([CI[BII)I @ 20 c2
Event: 8.296 Thread 0x00007fd18214a600 DEOPT PACKING pc=0x0000000121c184c0 sp=0x00007ffee16406d0
Event: 8.296 Thread 0x00007fd18214a600 DEOPT UNPACKING pc=0x000000011a15e125 sp=0x00007ffee1640670 mode 2
Event: 24.025 Thread 0x00007fd18214a600 Uncommon trap: trap_request=0xffffff45 fr.pc=0x0000000121c2cf58 relative=0x0000000000000f38
Event: 24.025 Thread 0x00007fd18214a600 Uncommon trap: reason=unstable_if action=reinterpret pc=0x0000000121c2cf58 method=java.util.concurrent.ConcurrentHashMap.putVal(Ljava/lang/Object;Ljava/lang/Object;Z)Ljava/lang/Object; @ 148 c2
Event: 24.025 Thread 0x00007fd18214a600 DEOPT PACKING pc=0x0000000121c2cf58 sp=0x00007ffee1640ff0
Event: 24.025 Thread 0x00007fd18214a600 DEOPT UNPACKING pc=0x000000011a15e125 sp=0x00007ffee1640f70 mode 2

Classes unloaded (0 events):
No events

Classes redefined (0 events):
No events

Internal exceptions (20 events):
Event: 6.621 Thread 0x00007fd18214a600 Exception <a 'java/lang/NoSuchMethodError'{0x00000007c2354a50}: 'java.lang.Object java.lang.invoke.Invokers$Holder.linkToTargetMethod(java.lang.Object, long, java.lang.Object)'> (0x00000007c2354a50) 
thrown [./open/src/hotspot/share/interpreter/linkResolver.cpp, line 782]
Event: 7.136 Thread 0x00007fd181811200 Exception <a 'java/lang/NoSuchMethodError'{0x00000007c3e14f10}: 'java.lang.Object java.lang.invoke.DirectMethodHandle$Holder.invokeStaticInit(java.lang.Object, int)'> (0x00000007c3e14f10) 
thrown [./open/src/hotspot/share/interpreter/linkResolver.cpp, line 782]
Event: 7.335 Thread 0x00007fd18214a600 Implicit null exception at 0x0000000121c90f86 to 0x0000000121c9187c
Event: 7.812 Thread 0x00007fd18214a600 Exception <a 'java/lang/ClassNotFoundException'{0x00000007c3d2b6f0}: sun/awt/resources/spi/awtProvider> (0x00000007c3d2b6f0) 
thrown [./open/src/hotspot/share/classfile/systemDictionary.cpp, line 295]
Event: 7.835 Thread 0x00007fd18214a600 Exception <a 'java/io/FileNotFoundException'{0x00000007c3d31bf0}> (0x00000007c3d31bf0) 
thrown [./open/src/hotspot/share/prims/jni.cpp, line 578]
Event: 7.835 Thread 0x00007fd18214a600 Exception <a 'java/io/FileNotFoundException'{0x00000007c3d33318}> (0x00000007c3d33318) 
thrown [./open/src/hotspot/share/prims/jni.cpp, line 578]
Event: 7.851 Thread 0x00007fd18214a600 Exception <a 'java/lang/ClassNotFoundException'{0x00000007c3d478d8}: sun/awt/resources/spi/awtosxProvider> (0x00000007c3d478d8) 
thrown [./open/src/hotspot/share/classfile/systemDictionary.cpp, line 295]
Event: 8.002 Thread 0x00007fd18214a600 Exception <a 'java/lang/NoSuchMethodError'{0x00000007c3c63b38}: 'java.lang.Object java.lang.invoke.DirectMethodHandle$Holder.invokeStatic(java.lang.Object, int, java.lang.Object, java.lang.Object, java.lang.Object, java.lang.Object)'> (0x00000007c3c63b38) 
thrown [./open/src/hotspot/share/interpreter/linkResolver.cpp, line 782]
Event: 8.006 Thread 0x00007fd18214a600 Exception <a 'java/lang/NoSuchMethodError'{0x00000007c3c8a510}: 'java.lang.Object java.lang.invoke.DirectMethodHandle$Holder.invokeStatic(java.lang.Object, int, java.lang.Object)'> (0x00000007c3c8a510) 
thrown [./open/src/hotspot/share/interpreter/linkResolver.cpp, line 782]
Event: 8.014 Thread 0x00007fd18214a600 Exception <a 'java/lang/ClassNotFoundException'{0x00000007c3cbaf98}: com/apple/laf/resources/spi/aquaProvider> (0x00000007c3cbaf98) 
thrown [./open/src/hotspot/share/classfile/systemDictionary.cpp, line 295]
Event: 8.056 Thread 0x00007fd18214a600 Exception <a 'java/lang/ClassNotFoundException'{0x00000007c3b2aca8}: com/sun/swing/internal/plaf/basic/resources/spi/basicProvider> (0x00000007c3b2aca8) 
thrown [./open/src/hotspot/share/classfile/systemDictionary.cpp, line 295]
Event: 8.153 Thread 0x00007fd18214a600 Exception <a 'java/lang/NoSuchMethodError'{0x00000007c3b5bdf0}: 'java.lang.Object java.lang.invoke.DirectMethodHandle$Holder.newInvokeSpecial(java.lang.Object, java.lang.Object, java.lang.Object, int, java.lang.Object)'> (0x00000007c3b5bdf0) 
thrown [./open/src/hotspot/share/interpreter/linkResolver.cpp, line 782]
Event: 8.174 Thread 0x00007fd18214a600 Exception <a 'java/lang/NoSuchMethodError'{0x00000007c3b6b108}: 'void java.lang.invoke.DirectMethodHandle$Holder.invokeStatic(java.lang.Object, int, long)'> (0x00000007c3b6b108) 
thrown [./open/src/hotspot/share/interpreter/linkResolver.cpp, line 782]
Event: 8.197 Thread 0x00007fd18214a600 Exception <a 'java/lang/NoSuchMethodError'{0x00000007c3ba74e0}: 'java.lang.Object java.lang.invoke.Invokers$Holder.linkToTargetMethod(int, int, int, int, java.lang.Object)'> (0x00000007c3ba74e0) 
thrown [./open/src/hotspot/share/interpreter/linkResolver.cpp, line 782]
Event: 8.198 Thread 0x00007fd18214a600 Exception <a 'java/lang/NoSuchMethodError'{0x00000007c3bab5e0}: 'void java.lang.invoke.DirectMethodHandle$Holder.invokeStatic(java.lang.Object, java.lang.Object, long)'> (0x00000007c3bab5e0) 
thrown [./open/src/hotspot/share/interpreter/linkResolver.cpp, line 782]
Event: 8.202 Thread 0x00007fd182498c00 Exception <a 'java/lang/NoSuchMethodError'{0x00000007c3b7a260}: 'void java.lang.invoke.DirectMethodHandle$Holder.invokeStatic(java.lang.Object, long)'> (0x00000007c3b7a260) 
thrown [./open/src/hotspot/share/interpreter/linkResolver.cpp, line 782]
Event: 13.210 Thread 0x00007fd18214a600 Exception <a 'java/lang/NoSuchMethodError'{0x00000007c3f9eea0}: 'void java.lang.invoke.DirectMethodHandle$Holder.invokeSpecial(java.lang.Object, java.lang.Object, long)'> (0x00000007c3f9eea0) 
thrown [./open/src/hotspot/share/interpreter/linkResolver.cpp, line 782]
Event: 13.211 Thread 0x00007fd18214a600 Exception <a 'java/lang/NoSuchMethodError'{0x00000007c3fa5308}: 'void java.lang.invoke.DirectMethodHandle$Holder.invokeStatic(java.lang.Object, long, long)'> (0x00000007c3fa5308) 
thrown [./open/src/hotspot/share/interpreter/linkResolver.cpp, line 782]
Event: 13.212 Thread 0x00007fd18214a600 Exception <a 'java/lang/NoSuchMethodError'{0x00000007c3fab110}: 'java.lang.Object java.lang.invoke.DirectMethodHandle$Holder.newInvokeSpecial(java.lang.Object, long)'> (0x00000007c3fab110) 
thrown [./open/src/hotspot/share/interpreter/linkResolver.cpp, line 782]
Event: 32.002 Thread 0x00007fd18214a600 Exception <a 'java/lang/NullPointerException'{0x00000007c24506c0}> (0x00000007c24506c0) 
thrown [./open/src/hotspot/share/interpreter/linkResolver.cpp, line 1457]

Events (20 events):
Event: 27.320 Executing VM operation: HandshakeAllThreads done
Event: 28.325 Executing VM operation: HandshakeAllThreads
Event: 28.325 Executing VM operation: HandshakeAllThreads done
Event: 29.056 Loaded shared library /Users/elev/.openjfx/cache/13/libprism_es2.dylib
Event: 29.327 Executing VM operation: HandshakeAllThreads
Event: 29.327 Executing VM operation: HandshakeAllThreads done
Event: 30.328 Executing VM operation: HandshakeAllThreads
Event: 30.329 Executing VM operation: HandshakeAllThreads done
Event: 31.333 Executing VM operation: HandshakeAllThreads
Event: 31.333 Executing VM operation: HandshakeAllThreads done
Event: 32.039 Protecting memory [0x000070000ed93000,0x000070000ed97000] with protection modes 3
Event: 32.039 Thread 0x00007fd181811200 Thread exited: 0x00007fd181811200
Event: 32.039 Protecting memory [0x000070000f531000,0x000070000f535000] with protection modes 3
Event: 32.039 Thread 0x00007fd180910000 Thread exited: 0x00007fd180910000
Event: 32.040 Protecting memory [0x000070000db5a000,0x000070000db5e000] with protection modes 3
Event: 32.040 Thread 0x00007fd182012800 Thread exited: 0x00007fd182012800
Event: 32.040 Protecting memory [0x000070000db5a000,0x000070000db5e000] with protection modes 0
Event: 32.040 Protecting memory [0x00007ffee0e47000,0x00007ffee0e4b000] with protection modes 3
Event: 32.040 Thread 0x00007fd182012800 Thread added: 0x00007fd182012800
Event: 32.040 Thread 0x00007fd18214a600 Thread exited: 0x00007fd18214a600


Dynamic libraries:
0x00007fff2a457000 	/usr/lib/libz.1.dylib
0x000000010e5c4000 	/Library/Java/JavaVirtualMachines/jdk-15.jdk/Contents/Home/lib/libjli.dylib
0x00007fff34f2f000 	/System/Library/Frameworks/Cocoa.framework/Versions/A/Cocoa
0x00007fff221ea000 	/System/Library/Frameworks/Security.framework/Versions/A/Security
0x00007fff3317e000 	/System/Library/Frameworks/ApplicationServices.framework/Versions/A/ApplicationServices
0x00007fff2a51f000 	/usr/lib/libSystem.B.dylib
0x00007fff2a519000 	/usr/lib/system/libcache.dylib
0x00007fff2a4d5000 	/usr/lib/system/libcommonCrypto.dylib
0x00007fff2a4ff000 	/usr/lib/system/libcompiler_rt.dylib
0x00007fff2a4f4000 	/usr/lib/system/libcopyfile.dylib
0x00007fff200c6000 	/usr/lib/system/libcorecrypto.dylib
0x00007fff2018f000 	/usr/lib/system/libdispatch.dylib
0x00007fff20343000 	/usr/lib/system/libdyld.dylib
0x00007fff2a510000 	/usr/lib/system/libkeymgr.dylib
0x00007fff2d94a000 	/usr/lib/system/liblaunch.dylib
0x00007fff2a4b3000 	/usr/lib/system/libmacho.dylib
0x00007fff29cce000 	/usr/lib/system/libquarantine.dylib
0x00007fff2a50d000 	/usr/lib/system/libremovefile.dylib
0x00007fff24b77000 	/usr/lib/system/libsystem_asl.dylib
0x00007fff20076000 	/usr/lib/system/libsystem_blocks.dylib
0x00007fff20210000 	/usr/lib/system/libsystem_c.dylib
0x00007fff2a507000 	/usr/lib/system/libsystem_collections.dylib
0x00007fff28fc3000 	/usr/lib/system/libsystem_configuration.dylib
0x00007fff282b4000 	/usr/lib/system/libsystem_containermanager.dylib
0x00007fff2a24f000 	/usr/lib/system/libsystem_coreservices.dylib
0x00007fff2279c000 	/usr/lib/system/libsystem_darwin.dylib
0x00007fff2a511000 	/usr/lib/system/libsystem_dnssd.dylib
0x00007fff2020d000 	/usr/lib/system/libsystem_featureflags.dylib
0x00007fff20388000 	/usr/lib/system/libsystem_info.dylib
0x00007fff2a46a000 	/usr/lib/system/libsystem_m.dylib
0x00007fff20162000 	/usr/lib/system/libsystem_malloc.dylib
0x00007fff24b0b000 	/usr/lib/system/libsystem_networkextension.dylib
0x00007fff22bb6000 	/usr/lib/system/libsystem_notify.dylib
0x00007fff2fde8000 	/usr/lib/system/libsystem_product_info_filter.dylib
0x00007fff28fc7000 	/usr/lib/system/libsystem_sandbox.dylib
0x00007fff2a50a000 	/usr/lib/system/libsystem_secinit.dylib
0x00007fff20308000 	/usr/lib/system/libsystem_kernel.dylib
0x00007fff2037e000 	/usr/lib/system/libsystem_platform.dylib
0x00007fff20337000 	/usr/lib/system/libsystem_pthread.dylib
0x00007fff2626d000 	/usr/lib/system/libsystem_symptoms.dylib
0x00007fff200ae000 	/usr/lib/system/libsystem_trace.dylib
0x00007fff2a4e1000 	/usr/lib/system/libunwind.dylib
0x00007fff20078000 	/usr/lib/system/libxpc.dylib
0x00007fff202ef000 	/usr/lib/libc++abi.dylib
0x00007fff201d4000 	/usr/lib/libobjc.A.dylib
0x00007fff2a4ec000 	/usr/lib/liboah.dylib
0x00007fff20299000 	/usr/lib/libc++.1.dylib
0x00007fff203b4000 	/System/Library/Frameworks/CoreFoundation.framework/Versions/A/CoreFoundation
0x00007fff2115e000 	/System/Library/Frameworks/Foundation.framework/Versions/C/Foundation
0x00007fff22c0e000 	/System/Library/Frameworks/AppKit.framework/Versions/C/AppKit
0x00007fff25a97000 	/System/Library/Frameworks/CoreData.framework/Versions/A/CoreData
0x00007fff2396b000 	/System/Library/PrivateFrameworks/UIFoundation.framework/Versions/A/UIFoundation
0x00007fff2fb61000 	/System/Library/PrivateFrameworks/RemoteViewServices.framework/Versions/A/RemoteViewServices
0x00007fff28983000 	/System/Library/PrivateFrameworks/XCTTargetBootstrap.framework/Versions/A/XCTTargetBootstrap
0x00007fff2b65e000 	/usr/lib/libspindump.dylib
0x00007fff23bbf000 	/System/Library/Frameworks/UniformTypeIdentifiers.framework/Versions/A/UniformTypeIdentifiers
0x00007fff27155000 	/usr/lib/libapp_launch_measurement.dylib
0x00007fff27158000 	/System/Library/PrivateFrameworks/CoreAutoLayout.framework/Versions/A/CoreAutoLayout
0x00007fff282e4000 	/System/Library/Frameworks/Metal.framework/Versions/A/Metal
0x00007fff28fd2000 	/usr/lib/liblangid.dylib
0x00007fff28987000 	/System/Library/PrivateFrameworks/CoreSVG.framework/Versions/A/CoreSVG
0x00007fff24ba6000 	/System/Library/PrivateFrameworks/SkyLight.framework/Versions/A/SkyLight
0x00007fff24f05000 	/System/Library/Frameworks/CoreGraphics.framework/Versions/A/CoreGraphics
0x00007fff301b8000 	/System/Library/Frameworks/Accelerate.framework/Versions/A/Accelerate
0x00007fff2b099000 	/System/Library/PrivateFrameworks/IconServices.framework/Versions/A/IconServices
0x00007fff282c5000 	/System/Library/Frameworks/IOSurface.framework/Versions/A/IOSurface
0x00007fff2641f000 	/usr/lib/libDiagnosticMessagesClient.dylib
0x00007fff2896f000 	/System/Library/PrivateFrameworks/DFRFoundation.framework/Versions/A/DFRFoundation
0x00007fff2253a000 	/usr/lib/libicucore.A.dylib
0x00007fff2cb9b000 	/System/Library/Frameworks/AudioToolbox.framework/Versions/A/AudioToolbox
0x00007fff2be46000 	/System/Library/PrivateFrameworks/DataDetectorsCore.framework/Versions/A/DataDetectorsCore
0x00007fff2866f000 	/System/Library/Frameworks/Carbon.framework/Versions/A/Frameworks/HIToolbox.framework/Versions/A/HIToolbox
0x00007fff26bb8000 	/System/Library/Frameworks/QuartzCore.framework/Versions/A/QuartzCore
0x00007fff2fb9d000 	/System/Library/Frameworks/Carbon.framework/Versions/A/Frameworks/SpeechRecognition.framework/Versions/A/SpeechRecognition
0x00007fff26ebd000 	/System/Library/PrivateFrameworks/CoreUI.framework/Versions/A/CoreUI
0x00007fff21b46000 	/System/Library/Frameworks/CoreAudio.framework/Versions/A/CoreAudio
0x00007fff2650a000 	/System/Library/Frameworks/DiskArbitration.framework/Versions/A/DiskArbitration
0x00007fff2ba57000 	/System/Library/PrivateFrameworks/MultitouchSupport.framework/Versions/A/MultitouchSupport
0x00007fff2be3d000 	/System/Library/PrivateFrameworks/InternationalSupport.framework/Versions/A/InternationalSupport
0x00007fff24b1a000 	/usr/lib/libenergytrace.dylib
0x00007fff22b08000 	/System/Library/Frameworks/IOKit.framework/Versions/A/IOKit
0x00007fff2feea000 	/System/Library/Frameworks/CoreServices.framework/Versions/A/CoreServices
0x00007fff270eb000 	/System/Library/PrivateFrameworks/PerformanceAnalysis.framework/Versions/A/PerformanceAnalysis
0x00007fff6b3d2000 	/System/Library/Frameworks/OpenGL.framework/Versions/A/OpenGL
0x00007fff2bec2000 	/System/Library/PrivateFrameworks/UserActivity.framework/Versions/A/UserActivity
0x00007fff25599000 	/System/Library/Frameworks/ColorSync.framework/Versions/A/ColorSync
0x00007fff28beb000 	/System/Library/Frameworks/CoreImage.framework/Versions/A/CoreImage
0x00007fff2195c000 	/System/Library/Frameworks/CoreText.framework/Versions/A/CoreText
0x00007fff289b1000 	/System/Library/Frameworks/ImageIO.framework/Versions/A/ImageIO
0x00007fff2a525000 	/System/Library/PrivateFrameworks/SoftLinking.framework/Versions/A/SoftLinking
0x00007fff271a1000 	/usr/lib/libxml2.2.dylib
0x00007fff2a797000 	/usr/lib/libcompression.dylib
0x00007fff24b1b000 	/usr/lib/libMobileGestalt.dylib
0x00007fff2bd70000 	/System/Library/PrivateFrameworks/TextureIO.framework/Versions/A/TextureIO
0x00007fff2adbd000 	/usr/lib/libate.dylib
0x00007fff2aba2000 	/usr/lib/liblzma.5.dylib
0x00007fff20e74000 	/System/Library/Frameworks/SystemConfiguration.framework/Versions/A/SystemConfiguration
0x00007fff2a521000 	/usr/lib/libfakelink.dylib
0x00007fff2466d000 	/System/Library/Frameworks/CFNetwork.framework/Versions/A/CFNetwork
0x00007fff2a661000 	/usr/lib/libarchive.2.dylib
0x00007fff20ef1000 	/usr/lib/libCRFSuite.dylib
0x00007fff29cf5000 	/usr/lib/libbsm.0.dylib
0x00007fff24029000 	/usr/lib/libnetwork.dylib
0x00007fff2a526000 	/usr/lib/libpcap.A.dylib
0x00007fff26266000 	/usr/lib/libdns_services.dylib
0x00007fff2abbb000 	/usr/lib/libcoretls_cfhelpers.dylib
0x00007fff2a765000 	/usr/lib/libapple_nghttp2.dylib
0x00007fff2a4b9000 	/usr/lib/system/libkxld.dylib
0x00007fff25ecc000 	/usr/lib/libsqlite3.dylib
0x00007fff2a231000 	/System/Library/PrivateFrameworks/AppleFSCompression.framework/Versions/A/AppleFSCompression
0x00007fff29cdd000 	/usr/lib/libcoretls.dylib
0x00007fff2a792000 	/usr/lib/libpam.2.dylib
0x00007fff2acb8000 	/usr/lib/libxar.1.dylib
0x00007fff28fce000 	/System/Library/PrivateFrameworks/AppleSystemInfo.framework/Versions/A/AppleSystemInfo
0x00007fff29920000 	/System/Library/PrivateFrameworks/IOMobileFramebuffer.framework/Versions/A/IOMobileFramebuffer
0x00007fff2a241000 	/usr/lib/libbz2.1.0.dylib
0x00007fff2a55e000 	/usr/lib/libiconv.2.dylib
0x00007fff2a4b2000 	/usr/lib/libcharset.1.dylib
0x00007fff27127000 	/System/Library/Frameworks/CoreServices.framework/Versions/A/Frameworks/FSEvents.framework/Versions/A/FSEvents
0x00007fff227a6000 	/System/Library/Frameworks/CoreServices.framework/Versions/A/Frameworks/CarbonCore.framework/Versions/A/CarbonCore
0x00007fff2646f000 	/System/Library/Frameworks/CoreServices.framework/Versions/A/Frameworks/Metadata.framework/Versions/A/Metadata
0x00007fff2a254000 	/System/Library/Frameworks/CoreServices.framework/Versions/A/Frameworks/OSServices.framework/Versions/A/OSServices
0x00007fff2a6d3000 	/System/Library/Frameworks/CoreServices.framework/Versions/A/Frameworks/SearchKit.framework/Versions/A/SearchKit
0x00007fff261f0000 	/System/Library/Frameworks/CoreServices.framework/Versions/A/Frameworks/AE.framework/Versions/A/AE
0x00007fff20850000 	/System/Library/Frameworks/CoreServices.framework/Versions/A/Frameworks/LaunchServices.framework/Versions/A/LaunchServices
0x00007fff2ab53000 	/System/Library/Frameworks/CoreServices.framework/Versions/A/Frameworks/DictionaryServices.framework/Versions/A/DictionaryServices
0x00007fff27130000 	/System/Library/Frameworks/CoreServices.framework/Versions/A/Frameworks/SharedFileList.framework/Versions/A/SharedFileList
0x00007fff29cd1000 	/usr/lib/libCheckFix.dylib
0x00007fff24b8e000 	/System/Library/PrivateFrameworks/TCC.framework/Versions/A/TCC
0x00007fff28fd4000 	/System/Library/PrivateFrameworks/CoreNLP.framework/Versions/A/CoreNLP
0x00007fff26422000 	/System/Library/PrivateFrameworks/MetadataUtilities.framework/Versions/A/MetadataUtilities
0x00007fff20f27000 	/usr/lib/libmecabra.dylib
0x00007fff29fe4000 	/System/Library/Frameworks/MLCompute.framework/Versions/A/MLCompute
0x00007fff29d06000 	/usr/lib/libmecab.dylib
0x00007fff29d50000 	/usr/lib/libgermantok.dylib
0x00007fff2a73b000 	/usr/lib/libThaiTokenizer.dylib
0x00007fff2acf3000 	/usr/lib/libChineseTokenizer.dylib
0x00007fff2a790000 	/System/Library/Frameworks/MetalPerformanceShaders.framework/Versions/A/MetalPerformanceShaders
0x00007fff26511000 	/System/Library/Frameworks/Accelerate.framework/Versions/A/Frameworks/vImage.framework/Versions/A/vImage
0x00007fff2fec3000 	/System/Library/Frameworks/Accelerate.framework/Versions/A/Frameworks/vecLib.framework/Versions/A/vecLib
0x00007fff2acfe000 	/System/Library/Frameworks/Accelerate.framework/Versions/A/Frameworks/vecLib.framework/Versions/A/libvMisc.dylib
0x00007fff29739000 	/System/Library/Frameworks/Accelerate.framework/Versions/A/Frameworks/vecLib.framework/Versions/A/libvDSP.dylib
0x00007fff20b53000 	/System/Library/Frameworks/Accelerate.framework/Versions/A/Frameworks/vecLib.framework/Versions/A/libBLAS.dylib
0x00007fff2a7b6000 	/System/Library/Frameworks/Accelerate.framework/Versions/A/Frameworks/vecLib.framework/Versions/A/libLAPACK.dylib
0x00007fff29d56000 	/System/Library/Frameworks/Accelerate.framework/Versions/A/Frameworks/vecLib.framework/Versions/A/libLinearAlgebra.dylib
0x00007fff2a77d000 	/System/Library/Frameworks/Accelerate.framework/Versions/A/Frameworks/vecLib.framework/Versions/A/libSparseBLAS.dylib
0x00007fff2a7b0000 	/System/Library/Frameworks/Accelerate.framework/Versions/A/Frameworks/vecLib.framework/Versions/A/libQuadrature.dylib
0x00007fff2907c000 	/System/Library/Frameworks/Accelerate.framework/Versions/A/Frameworks/vecLib.framework/Versions/A/libBNNS.dylib
0x00007fff20e05000 	/System/Library/Frameworks/Accelerate.framework/Versions/A/Frameworks/vecLib.framework/Versions/A/libSparse.dylib
0x00007fff28f67000 	/System/Library/Frameworks/MetalPerformanceShaders.framework/Versions/A/Frameworks/MPSCore.framework/Versions/A/MPSCore
0x00007fff2a1a0000 	/System/Library/Frameworks/MetalPerformanceShaders.framework/Versions/A/Frameworks/MPSImage.framework/Versions/A/MPSImage
0x00007fff29d6c000 	/System/Library/Frameworks/MetalPerformanceShaders.framework/Versions/A/Frameworks/MPSNeuralNetwork.framework/Versions/A/MPSNeuralNetwork
0x00007fff2a12b000 	/System/Library/Frameworks/MetalPerformanceShaders.framework/Versions/A/Frameworks/MPSMatrix.framework/Versions/A/MPSMatrix
0x00007fff29f94000 	/System/Library/Frameworks/MetalPerformanceShaders.framework/Versions/A/Frameworks/MPSRayIntersector.framework/Versions/A/MPSRayIntersector
0x00007fff2a162000 	/System/Library/Frameworks/MetalPerformanceShaders.framework/Versions/A/Frameworks/MPSNDArray.framework/Versions/A/MPSNDArray
0x00007fff20a7f000 	/System/Library/PrivateFrameworks/MetalTools.framework/Versions/A/MetalTools
0x00007fff28fcc000 	/System/Library/PrivateFrameworks/AggregateDictionary.framework/Versions/A/AggregateDictionary
0x00007fff263fa000 	/System/Library/PrivateFrameworks/CoreAnalytics.framework/Versions/A/CoreAnalytics
0x00007fff2a73d000 	/System/Library/PrivateFrameworks/AppleSauce.framework/Versions/A/AppleSauce
0x00007fff282d7000 	/System/Library/PrivateFrameworks/IOAccelerator.framework/Versions/A/IOAccelerator
0x00007fff6b3c6000 	/System/Library/Frameworks/OpenGL.framework/Versions/A/Libraries/libCoreFSCache.dylib
0x00007fff214c2000 	/System/Library/PrivateFrameworks/LanguageModeling.framework/Versions/A/LanguageModeling
0x00007fff2990d000 	/System/Library/PrivateFrameworks/CoreEmoji.framework/Versions/A/CoreEmoji
0x00007fff29075000 	/System/Library/PrivateFrameworks/LinguisticData.framework/Versions/A/LinguisticData
0x00007fff20db7000 	/System/Library/PrivateFrameworks/Lexicon.framework/Versions/A/Lexicon
0x00007fff2a64f000 	/usr/lib/libcmph.dylib
0x00007fff27107000 	/System/Library/Frameworks/OpenDirectory.framework/Versions/A/Frameworks/CFOpenDirectory.framework/Versions/A/CFOpenDirectory
0x00007fff270f7000 	/System/Library/Frameworks/OpenDirectory.framework/Versions/A/OpenDirectory
0x00007fff2abbd000 	/System/Library/PrivateFrameworks/APFS.framework/Versions/A/APFS
0x00007fff29c32000 	/System/Library/Frameworks/SecurityFoundation.framework/Versions/A/SecurityFoundation
0x00007fff2acc6000 	/usr/lib/libutil.dylib
0x00007fff22acd000 	/System/Library/PrivateFrameworks/CoreServicesStore.framework/Versions/A/CoreServicesStore
0x00007fff29cc9000 	/System/Library/Frameworks/ServiceManagement.framework/Versions/A/ServiceManagement
0x00007fff2acca000 	/usr/lib/libxslt.1.dylib
0x00007fff29cbf000 	/System/Library/PrivateFrameworks/BackgroundTaskManagement.framework/Versions/A/BackgroundTaskManagement
0x00007fff2bcba000 	/System/Library/Frameworks/ImageIO.framework/Versions/A/Resources/libRadiance.dylib
0x00007fff2bcc4000 	/System/Library/Frameworks/ImageIO.framework/Versions/A/Resources/libJPEG.dylib
0x00007fff2bc11000 	/System/Library/Frameworks/ImageIO.framework/Versions/A/Resources/libPng.dylib
0x00007fff2bc38000 	/System/Library/Frameworks/ImageIO.framework/Versions/A/Resources/libTIFF.dylib
0x00007fff2bd19000 	/System/Library/Frameworks/ImageIO.framework/Versions/A/Resources/libGIF.dylib
0x00007fff2b974000 	/System/Library/Frameworks/ImageIO.framework/Versions/A/Resources/libJP2.dylib
0x00007fff2b060000 	/usr/lib/libexpat.1.dylib
0x00007fff2b92a000 	/System/Library/PrivateFrameworks/AppleJPEG.framework/Versions/A/AppleJPEG
0x00007fff28512000 	/System/Library/PrivateFrameworks/FontServices.framework/libFontParser.dylib
0x00007fff261a4000 	/System/Library/PrivateFrameworks/RunningBoardServices.framework/Versions/A/RunningBoardServices
0x00007fff2ba53000 	/System/Library/PrivateFrameworks/WatchdogClient.framework/Versions/A/WatchdogClient
0x00007fff215af000 	/System/Library/Frameworks/CoreDisplay.framework/Versions/A/CoreDisplay
0x00007fff28427000 	/System/Library/Frameworks/CoreMedia.framework/Versions/A/CoreMedia
0x00007fff27284000 	/System/Library/Frameworks/CoreVideo.framework/Versions/A/CoreVideo
0x00007fff2ba8b000 	/System/Library/Frameworks/VideoToolbox.framework/Versions/A/VideoToolbox
0x00007fff26122000 	/System/Library/PrivateFrameworks/BaseBoard.framework/Versions/A/BaseBoard
0x00007fff2b1a5000 	/System/Library/PrivateFrameworks/PersistentConnection.framework/Versions/A/PersistentConnection
0x00007fff25eb5000 	/System/Library/PrivateFrameworks/ProtocolBuffer.framework/Versions/A/ProtocolBuffer
0x00007fff26109000 	/System/Library/PrivateFrameworks/CommonUtilities.framework/Versions/A/CommonUtilities
0x00007fff2b8bf000 	/System/Library/PrivateFrameworks/Bom.framework/Versions/A/Bom
0x00007fff2bcb3000 	/System/Library/PrivateFrameworks/GPUWrangler.framework/Versions/A/GPUWrangler
0x00007fff2bc96000 	/System/Library/PrivateFrameworks/IOPresentment.framework/Versions/A/IOPresentment
0x00007fff2bcbe000 	/System/Library/PrivateFrameworks/DSExternalDisplay.framework/Versions/A/DSExternalDisplay
0x00007fff2bd1e000 	/System/Library/PrivateFrameworks/CMCaptureCore.framework/Versions/A/CMCaptureCore
0x00007fff2b645000 	/System/Library/PrivateFrameworks/AppServerSupport.framework/Versions/A/AppServerSupport
0x00007fff2d6eb000 	/System/Library/PrivateFrameworks/perfdata.framework/Versions/A/perfdata
0x00007fff29c21000 	/System/Library/PrivateFrameworks/AssertionServices.framework/Versions/A/AssertionServices
0x00007fff216e6000 	/System/Library/PrivateFrameworks/AudioToolboxCore.framework/Versions/A/AudioToolboxCore
0x00007fff2840a000 	/System/Library/PrivateFrameworks/caulk.framework/Versions/A/caulk
0x00007fff3c985000 	/System/Library/PrivateFrameworks/SystemPolicy.framework/Versions/A/SystemPolicy
0x00007fff2ae56000 	/usr/lib/libIOReport.dylib
0x00007fff2cf0d000 	/usr/lib/libSMC.dylib
0x00007fff2bbde000 	/usr/lib/libAudioToolboxUtility.dylib
0x00007fff3d2ea000 	/usr/lib/libmis.dylib
0x00007fff6b422000 	/System/Library/Frameworks/OpenGL.framework/Versions/A/Libraries/libGLU.dylib
0x00007fff6b3e5000 	/System/Library/Frameworks/OpenGL.framework/Versions/A/Libraries/libGFXShared.dylib
0x00007fff6b5f4000 	/System/Library/Frameworks/OpenGL.framework/Versions/A/Libraries/libGL.dylib
0x00007fff6b3ee000 	/System/Library/Frameworks/OpenGL.framework/Versions/A/Libraries/libGLImage.dylib
0x00007fff6b3e2000 	/System/Library/Frameworks/OpenGL.framework/Versions/A/Libraries/libCVMSPluginSupport.dylib
0x00007fff6b3cd000 	/System/Library/Frameworks/OpenGL.framework/Versions/A/Libraries/libCoreVMClient.dylib
0x00007fff6ca35000 	/System/Library/Frameworks/OpenCL.framework/Versions/A/OpenCL
0x00007fff2b1cf000 	/System/Library/PrivateFrameworks/GraphVisualizer.framework/Versions/A/GraphVisualizer
0x00007fff2b1de000 	/System/Library/PrivateFrameworks/FaceCore.framework/Versions/A/FaceCore
0x00007fff2b5fa000 	/System/Library/PrivateFrameworks/OTSVG.framework/Versions/A/OTSVG
0x00007fff26e7b000 	/System/Library/Frameworks/ApplicationServices.framework/Versions/A/Frameworks/ATS.framework/Versions/A/Resources/libFontRegistry.dylib
0x00007fff2b64c000 	/System/Library/PrivateFrameworks/FontServices.framework/libhvf.dylib
0x00007fff2b00c000 	/System/Library/PrivateFrameworks/AppleVA.framework/Versions/A/AppleVA
0x00007fff2cd56000 	/System/Library/Frameworks/ApplicationServices.framework/Versions/A/Frameworks/ATS.framework/Versions/A/ATS
0x00007fff2d068000 	/System/Library/Frameworks/ApplicationServices.framework/Versions/A/Frameworks/ColorSyncLegacy.framework/Versions/A/ColorSyncLegacy
0x00007fff25690000 	/System/Library/Frameworks/ApplicationServices.framework/Versions/A/Frameworks/HIServices.framework/Versions/A/HIServices
0x00007fff2d04d000 	/System/Library/Frameworks/ApplicationServices.framework/Versions/A/Frameworks/LangAnalysis.framework/Versions/A/LangAnalysis
0x00007fff2bd28000 	/System/Library/Frameworks/ApplicationServices.framework/Versions/A/Frameworks/PrintCore.framework/Versions/A/PrintCore
0x00007fff2d070000 	/System/Library/Frameworks/ApplicationServices.framework/Versions/A/Frameworks/QD.framework/Versions/A/QD
0x00007fff2cd46000 	/System/Library/Frameworks/ApplicationServices.framework/Versions/A/Frameworks/SpeechSynthesis.framework/Versions/A/SpeechSynthesis
0x00007fff2bce9000 	/System/Library/Frameworks/ApplicationServices.framework/Versions/A/Frameworks/ATSUI.framework/Versions/A/ATSUI
0x00007fff2cfed000 	/usr/lib/libcups.2.dylib
0x00007fff2d05d000 	/System/Library/PrivateFrameworks/NetAuth.framework/Versions/A/NetAuth
0x00007fff2d707000 	/System/Library/Frameworks/Kerberos.framework/Versions/A/Kerberos
0x00007fff2d717000 	/System/Library/Frameworks/GSS.framework/Versions/A/GSS
0x00007fff2cdc2000 	/usr/lib/libresolv.9.dylib
0x00007fff2b661000 	/System/Library/PrivateFrameworks/Heimdal.framework/Versions/A/Heimdal
0x00007fff3347e000 	/System/Library/Frameworks/Kerberos.framework/Versions/A/Libraries/libHeimdalProxy.dylib
0x00007fff26275000 	/System/Library/Frameworks/Network.framework/Versions/A/Network
0x00007fff2b07a000 	/usr/lib/libheimdal-asn1.dylib
0x00007fff2d767000 	/System/Library/PrivateFrameworks/CommonAuth.framework/Versions/A/CommonAuth
0x00007fff272d1000 	/System/Library/PrivateFrameworks/login.framework/Versions/A/Frameworks/loginsupport.framework/Versions/A/loginsupport
0x00007fff2cccb000 	/System/Library/PrivateFrameworks/AudioSession.framework/Versions/A/AudioSession
0x00007fff2cd33000 	/usr/lib/libAudioStatistics.dylib
0x00007fff2b107000 	/System/Library/PrivateFrameworks/MediaExperience.framework/Versions/A/MediaExperience
0x00007fff2cb69000 	/System/Library/PrivateFrameworks/AudioSession.framework/libSessionUtility.dylib
0x00007fff2d6f8000 	/usr/lib/libperfcheck.dylib
0x00007fff2d07c000 	/System/Library/PrivateFrameworks/AudioResourceArbitration.framework/Versions/A/AudioResourceArbitration
0x00007fff2b084000 	/System/Library/PrivateFrameworks/IconFoundation.framework/Versions/A/IconFoundation
0x00007fff2fb8d000 	/System/Library/PrivateFrameworks/SpeechRecognitionCore.framework/Versions/A/SpeechRecognitionCore
0x0000000111000000 	/Library/Java/JavaVirtualMachines/jdk-15.jdk/Contents/Home/lib/server/libjvm.dylib
0x000000010e5eb000 	/Library/Java/JavaVirtualMachines/jdk-15.jdk/Contents/Home/lib/libjimage.dylib
0x000000010e641000 	/Library/Java/JavaVirtualMachines/jdk-15.jdk/Contents/Home/lib/libjava.dylib
0x000000010ea82000 	/Library/Java/JavaVirtualMachines/jdk-15.jdk/Contents/Home/lib/libnio.dylib
0x000000010ea96000 	/Library/Java/JavaVirtualMachines/jdk-15.jdk/Contents/Home/lib/libnet.dylib
0x000000010eaaf000 	/Library/Java/JavaVirtualMachines/jdk-15.jdk/Contents/Home/lib/libzip.dylib
0x000000010eabd000 	/Users/elev/.openjfx/cache/13/libprism_es2.dylib
0x00007fff22a8e000 	/System/Library/PrivateFrameworks/CoreServicesInternal.framework/Versions/A/CoreServicesInternal
0x00007fff6b5ff000 	/System/Library/Frameworks/OpenGL.framework/Versions/A/Resources/GLEngine.bundle/GLEngine
0x00007fff6b45f000 	/System/Library/Frameworks/OpenGL.framework/Versions/A/Libraries/libGLProgrammability.dylib
0x00007fff62f78000 	/System/Library/Extensions/AppleIntelBDWGraphicsGLDriver.bundle/Contents/MacOS/AppleIntelBDWGraphicsGLDriver
0x00007fff46128000 	/System/Library/PrivateFrameworks/GPUSupport.framework/Versions/A/Libraries/libGPUSupportMercury.dylib
0x00007fff6b77b000 	/System/Library/Frameworks/OpenGL.framework/Versions/A/Resources/GLRendererFloat.bundle/GLRendererFloat
0x000000012fab1000 	/Users/elev/.openjfx/cache/13/libglass.dylib
0x00007fff31093000 	/System/Library/Frameworks/FileProvider.framework/Versions/A/FileProvider
0x00007fff2608c000 	/System/Library/Frameworks/Accounts.framework/Versions/A/Accounts
0x00007fff311b4000 	/System/Library/PrivateFrameworks/GenerationalStorage.framework/Versions/A/GenerationalStorage
0x00007fff31b6d000 	/System/Library/PrivateFrameworks/CoreSymbolication.framework/Versions/A/CoreSymbolication
0x00007fff30ab2000 	/System/Library/PrivateFrameworks/SymptomDiagnosticReporter.framework/Versions/A/SymptomDiagnosticReporter
0x00007fff2e3a4000 	/System/Library/PrivateFrameworks/AppContainer.framework/Versions/A/AppContainer
0x00007fff23bd2000 	/System/Library/PrivateFrameworks/DesktopServicesPriv.framework/Versions/A/DesktopServicesPriv
0x00007fff22bc2000 	/usr/lib/libsandbox.1.dylib
0x00007fff272fd000 	/System/Library/PrivateFrameworks/UserManagement.framework/Versions/A/UserManagement
0x00007fff29bfe000 	/System/Library/PrivateFrameworks/MobileKeyBag.framework/Versions/A/MobileKeyBag
0x00007fff344e9000 	/System/Library/PrivateFrameworks/ChunkingLibrary.framework/Versions/A/ChunkingLibrary
0x00007fff31b30000 	/System/Library/PrivateFrameworks/DebugSymbols.framework/Versions/A/DebugSymbols
0x00007fff2e3b9000 	/System/Library/PrivateFrameworks/SecCodeWrapper.framework/Versions/A/SecCodeWrapper
0x00007fff2ae5e000 	/System/Library/PrivateFrameworks/CrashReporterSupport.framework/Versions/A/CrashReporterSupport
0x00007fff47785000 	/System/Library/PrivateFrameworks/OSAnalytics.framework/Versions/A/OSAnalytics
0x00007fff7839f000 	/usr/lib/libRosetta.dylib
0x00007fff32ece000 	/System/Library/PrivateFrameworks/RemoteServiceDiscovery.framework/Versions/A/RemoteServiceDiscovery
0x00007fff51255000 	/System/Library/PrivateFrameworks/Symbolication.framework/Versions/A/Symbolication
0x00007fff32ede000 	/System/Library/PrivateFrameworks/RemoteXPC.framework/Versions/A/RemoteXPC
0x00007fff391d3000 	/System/Library/PrivateFrameworks/OSAServicesClient.framework/Versions/A/OSAServicesClient
0x00007fff3d2c9000 	/System/Library/PrivateFrameworks/MallocStackLogging.framework/Versions/A/MallocStackLogging
0x00007fff2e13c000 	/System/Library/PrivateFrameworks/Sharing.framework/Versions/A/Sharing
0x00007fff32aab000 	/System/Library/PrivateFrameworks/Apple80211.framework/Versions/A/Apple80211
0x00007fff2a282000 	/System/Library/PrivateFrameworks/AuthKit.framework/Versions/A/AuthKit
0x00007fff299fe000 	/System/Library/PrivateFrameworks/CoreUtils.framework/Versions/A/CoreUtils
0x00007fff2992b000 	/System/Library/Frameworks/CoreWLAN.framework/Versions/A/CoreWLAN
0x00007fff2e283000 	/System/Library/Frameworks/IOBluetooth.framework/Versions/A/IOBluetooth
0x00007fff32b0f000 	/System/Library/PrivateFrameworks/CoreWiFi.framework/Versions/A/CoreWiFi
0x00007fff2d7ed000 	/System/Library/PrivateFrameworks/CorePhoneNumbers.framework/Versions/A/CorePhoneNumbers
0x00007fff30bba000 	/System/Library/PrivateFrameworks/DiskManagement.framework/Versions/A/DiskManagement
0x00007fff30ad0000 	/System/Library/PrivateFrameworks/AppleIDAuthSupport.framework/Versions/A/AppleIDAuthSupport
0x00007fff2d7ca000 	/System/Library/PrivateFrameworks/KeychainCircle.framework/Versions/A/KeychainCircle
0x00007fff30b86000 	/System/Library/PrivateFrameworks/MediaKit.framework/Versions/A/MediaKit
0x00007fff30add000 	/System/Library/Frameworks/DiscRecording.framework/Versions/A/DiscRecording
0x00007fff2af80000 	/usr/lib/libCoreStorage.dylib
0x00007fff32f49000 	/usr/lib/libcsfde.dylib
0x00007fff2e3bd000 	/System/Library/PrivateFrameworks/ProtectedCloudStorage.framework/Versions/A/ProtectedCloudStorage
0x00007fff32f41000 	/System/Library/PrivateFrameworks/EFILogin.framework/Versions/A/EFILogin
0x00007fff33531000 	/System/Library/Frameworks/AudioUnit.framework/Versions/A/AudioUnit
0x00007fff30a1c000 	/System/Library/Frameworks/CoreBluetooth.framework/Versions/A/CoreBluetooth
0x00007fff2af78000 	/usr/lib/libMatch.1.dylib
0x00000001310d7000 	/usr/lib/libobjc-trampolines.dylib
0x00007fff40e9e000 	/System/Library/Frameworks/Accelerate.framework/Versions/A/Frameworks/vImage.framework/Versions/A/Libraries/libCGInterfaces.dylib
0x00007fff26fff000 	/System/Library/PrivateFrameworks/ViewBridge.framework/Versions/A/ViewBridge
0x0000000132eb1000 	/Users/elev/.openjfx/cache/13/libjavafx_font.dylib
0x00007fff2b722000 	/System/Library/PrivateFrameworks/login.framework/Versions/A/login
0x0000000135283000 	/Library/Java/JavaVirtualMachines/jdk-15.jdk/Contents/Home/lib/libawt.dylib
0x000000013533a000 	/Library/Java/JavaVirtualMachines/jdk-15.jdk/Contents/Home/lib/libmlib_image.dylib
0x00007fff6e459000 	/System/Library/Frameworks/JavaNativeFoundation.framework/Versions/A/JavaNativeFoundation
0x00007fff6e465000 	/System/Library/Frameworks/JavaRuntimeSupport.framework/Versions/A/JavaRuntimeSupport
0x00007fff3c707000 	/System/Library/Frameworks/Carbon.framework/Versions/A/Carbon
0x00007fff3636d000 	/System/Library/Frameworks/Carbon.framework/Versions/A/Frameworks/CommonPanels.framework/Versions/A/CommonPanels
0x00007fff32f3d000 	/System/Library/Frameworks/Carbon.framework/Versions/A/Frameworks/Help.framework/Versions/A/Help
0x00007fff36371000 	/System/Library/Frameworks/Carbon.framework/Versions/A/Frameworks/ImageCapture.framework/Versions/A/ImageCapture
0x00007fff36349000 	/System/Library/Frameworks/Carbon.framework/Versions/A/Frameworks/OpenScripting.framework/Versions/A/OpenScripting
0x00007fff36369000 	/System/Library/Frameworks/Carbon.framework/Versions/A/Frameworks/Ink.framework/Versions/A/Ink
0x00007fff3c703000 	/System/Library/Frameworks/Carbon.framework/Versions/A/Frameworks/Print.framework/Versions/A/Print
0x00007fff36365000 	/System/Library/Frameworks/Carbon.framework/Versions/A/Frameworks/SecurityHI.framework/Versions/A/SecurityHI
0x00000001353d6000 	/Library/Java/JavaVirtualMachines/jdk-15.jdk/Contents/Home/lib/libawt_lwawt.dylib
0x0000000135490000 	/Library/Java/JavaVirtualMachines/jdk-15.jdk/Contents/Home/lib/libosxapp.dylib
0x00007fff3bd8f000 	/System/Library/Frameworks/ExceptionHandling.framework/Versions/A/ExceptionHandling
0x00000001354b0000 	/Library/Java/JavaVirtualMachines/jdk-15.jdk/Contents/Home/lib/libfontmanager.dylib
0x00000001355dc000 	/Library/Java/JavaVirtualMachines/jdk-15.jdk/Contents/Home/lib/libfreetype.dylib
0x0000000136074000 	/Library/Java/JavaVirtualMachines/jdk-15.jdk/Contents/Home/lib/libosxui.dylib
0x00007fff5c733000 	/System/Library/CoreServices/Encodings/libSimplifiedChineseConverter.dylib
0x00007fff613cb000 	/System/Library/Extensions/AppleIntelBDWGraphicsMTLDriver.bundle/Contents/MacOS/AppleIntelBDWGraphicsMTLDriver
0x00007fff3d2fd000 	/System/Library/PrivateFrameworks/GPURawCounter.framework/Versions/A/GPURawCounter
0x00007fff68f58000 	/System/Library/PrivateFrameworks/GPUCompiler.framework/Versions/31001/Libraries/libmetal_timestamp.dylib
0x00007fff30236000 	/System/Library/PrivateFrameworks/SystemAdministration.framework/Versions/A/SystemAdministration
0x00007fff2bf21000 	/System/Library/Frameworks/MediaToolbox.framework/Versions/A/MediaToolbox
0x00007fff2fb55000 	/System/Library/Frameworks/DirectoryService.framework/Versions/A/DirectoryService
0x00007fff32de7000 	/System/Library/PrivateFrameworks/DiskImages.framework/Versions/A/DiskImages
0x00007fff32fbb000 	/System/Library/PrivateFrameworks/LoginUIKit.framework/Versions/A/Frameworks/LoginUICore.framework/Versions/A/LoginUICore
0x00007fff2b8bb000 	/usr/lib/libodfde.dylib
0x00007fff31065000 	/System/Library/PrivateFrameworks/CoreAVCHD.framework/Versions/A/CoreAVCHD
0x00007fff301f9000 	/System/Library/Frameworks/MediaAccessibility.framework/Versions/A/MediaAccessibility
0x00007fff31061000 	/System/Library/PrivateFrameworks/Mangrove.framework/Versions/A/Mangrove
0x00007fff30205000 	/System/Library/PrivateFrameworks/AlgosScoreFramework.framework/Versions/A/AlgosScoreFramework
0x00007fff31a20000 	/System/Library/PrivateFrameworks/AppleVPA.framework/Versions/A/AppleVPA
0x00007fff30ca6000 	/System/Library/PrivateFrameworks/CoreAUC.framework/Versions/A/CoreAUC
0x00007fff32f55000 	/usr/lib/libcurl.4.dylib
0x00007fff32cb5000 	/usr/lib/libcrypto.44.dylib
0x00007fff32db9000 	/usr/lib/libssl.46.dylib
0x00007fff32c7b000 	/System/Library/Frameworks/LDAP.framework/Versions/A/LDAP
0x00007fff32cb3000 	/System/Library/PrivateFrameworks/TrustEvaluationAgent.framework/Versions/A/TrustEvaluationAgent
0x00007fff2cddb000 	/usr/lib/libsasl2.2.dylib
0x00007fff3022a000 	/System/Library/PrivateFrameworks/CoreDaemon.framework/Versions/B/CoreDaemon
0x00007fff30225000 	/System/Library/PrivateFrameworks/AppleSRP.framework/Versions/A/AppleSRP


VM Arguments:
jvm_args: --module-path=/Users/elev/.m2/repository/org/openjfx/javafx-base/13/javafx-base-13-mac.jar:/Users/elev/.m2/repository/org/openjfx/javafx-base/13/javafx-base-13.jar:/Users/elev/.m2/repository/org/openjfx/javafx-controls/13/javafx-controls-13-mac.jar:/Users/elev/.m2/repository/org/openjfx/javafx-controls/13/javafx-controls-13.jar:/Users/elev/.m2/repository/org/openjfx/javafx-graphics/13/javafx-graphics-13-mac.jar:/Users/elev/.m2/repository/org/openjfx/javafx-graphics/13/javafx-graphics-13.jar --add-modules=javafx.base,javafx.controls,javafx.graphics 
java_command: com.mycompany.db2.App
java_class_path (initial): /Users/elev/NetBeansProjects/DB2/target/classes:/Users/elev/.m2/repository/com/google/protobuf/protobuf-java/3.11.4/protobuf-java-3.11.4.jar:/Users/elev/.m2/repository/mysql/mysql-connector-java/8.0.22/mysql-connector-java-8.0.22.jar
Launcher Type: SUN_STANDARD

[Global flags]
     intx CICompilerCount                          = 3                                         {product} {ergonomic}
     uint ConcGCThreads                            = 1                                         {product} {ergonomic}
     uint G1ConcRefinementThreads                  = 4                                         {product} {ergonomic}
   size_t G1HeapRegionSize                         = 1048576                                   {product} {ergonomic}
    uintx GCDrainStackTargetSize                   = 64                                        {product} {ergonomic}
   size_t InitialHeapSize                          = 67108864                                  {product} {ergonomic}
   size_t MarkStackSize                            = 4194304                                   {product} {ergonomic}
   size_t MaxHeapSize                              = 1073741824                                {product} {ergonomic}
   size_t MaxNewSize                               = 643825664                                 {product} {ergonomic}
   size_t MinHeapDeltaBytes                        = 1048576                                   {product} {ergonomic}
   size_t MinHeapSize                              = 8388608                                   {product} {ergonomic}
    uintx NonNMethodCodeHeapSize                   = 5832780                                {pd product} {ergonomic}
    uintx NonProfiledCodeHeapSize                  = 122912730                              {pd product} {ergonomic}
    uintx ProfiledCodeHeapSize                     = 122912730                              {pd product} {ergonomic}
    uintx ReservedCodeCacheSize                    = 251658240                              {pd product} {ergonomic}
     bool SegmentedCodeCache                       = true                                      {product} {ergonomic}
   size_t SoftMaxHeapSize                          = 1073741824                             {manageable} {ergonomic}
     bool UseCompressedClassPointers               = true                                 {lp64_product} {ergonomic}
     bool UseCompressedOops                        = true                                 {lp64_product} {ergonomic}
     bool UseG1GC                                  = true                                      {product} {ergonomic}
     bool UseNUMA                                  = false                                     {product} {ergonomic}
     bool UseNUMAInterleaving                      = false                                     {product} {ergonomic}

Logging:
Log output configuration:
 #0: stdout all=warning uptime,level,tags
 #1: stderr all=off uptime,level,tags

Environment Variables:
JAVA_HOME=/Library/Java/JavaVirtualMachines/jdk-15.jdk/Contents/Home
PATH=/usr/bin:/bin:/usr/sbin:/sbin
SHELL=/bin/bash
LC_CTYPE=UTF-8

Signal Handlers:
SIGSEGV: [libjvm.dylib+0xa0a820], sa_mask[0]=11111111011111110111111111111111, sa_flags=SA_ONSTACK|SA_RESTART|SA_SIGINFO
SIGBUS: [libjvm.dylib+0xa0a820], sa_mask[0]=11111111011111110111111111111111, sa_flags=SA_RESTART|SA_SIGINFO
SIGFPE: [libjvm.dylib+0xa0a820], sa_mask[0]=11111111011111110111111111111111, sa_flags=SA_RESTART|SA_SIGINFO
SIGPIPE: [libjvm.dylib+0x8291b0], sa_mask[0]=11111111011111110111111111111111, sa_flags=SA_RESTART|SA_SIGINFO
SIGXFSZ: [libjvm.dylib+0x8291b0], sa_mask[0]=11111111011111110111111111111111, sa_flags=SA_RESTART|SA_SIGINFO
SIGILL: [libjvm.dylib+0xa0a820], sa_mask[0]=11111111011111110111111111111111, sa_flags=SA_RESTART|SA_SIGINFO
SIGUSR2: [libjvm.dylib+0x829cc0], sa_mask[0]=00100000000000000000000000000000, sa_flags=SA_RESTART|SA_SIGINFO
SIGHUP: [libjvm.dylib+0x8283c0], sa_mask[0]=11111111011111110111111111111111, sa_flags=SA_RESTART|SA_SIGINFO
SIGINT: SIG_IGN, sa_mask[0]=00000000000000000000000000000000, sa_flags=none
SIGTERM: [libjvm.dylib+0x8283c0], sa_mask[0]=11111111011111110111111111111111, sa_flags=SA_RESTART|SA_SIGINFO
SIGQUIT: [libjvm.dylib+0x8283c0], sa_mask[0]=11111111011111110111111111111111, sa_flags=SA_RESTART|SA_SIGINFO


---------------  S Y S T E M  ---------------

OS:uname: Darwin 20.1.0 Darwin Kernel Version 20.1.0: Sat Oct 31 00:07:11 PDT 2020; root:xnu-7195.50.7~2/RELEASE_X86_64 x86_64
OS uptime: 31 days 8:01 hours
rlimit (soft/hard): STACK 8192k/65532k , CORE 0k/infinity , NPROC 1392/2088 , NOFILE 10240/infinity , AS infinity/infinity , CPU infinity/infinity , DATA infinity/infinity , FSIZE infinity/infinity , MEMLOCK infinity/infinity , RSS infinity/infinity
load average: 2.35 2.18 2.04

CPU: total 4 (initial active 4) (2 cores per cpu, 2 threads per core) family 6 model 61 stepping 4, cmov, cx8, fxsr, mmx, sse, sse2, sse3, ssse3, sse4.1, sse4.2, popcnt, vzeroupper, avx, avx2, aes, clmul, erms, 3dnowpref, lzcnt, ht, tsc, tscinvbit, bmi1, bmi2, adx, fma, clflush

Memory: 4k page, physical 4194304k(40560k free), swap 6291456k(447232k free)

vm_info: Java HotSpot(TM) 64-Bit Server VM (15+36-1562) for bsd-amd64 JRE (15+36-1562), built on Aug 11 2020 21:36:40 by "mach5one" with clang 4.2.1 Compatible Apple LLVM 10.0.0 (clang-1000.11.45.5)

END.
